<?xml version="1.0" encoding="UTF-8"?>
<!-- Generated by org.testng.reporters.JUnitXMLReporter -->
<testsuite ignored="0" hostname="LAPTOP-T8FKKRQ2" failures="6" tests="8" name="Master Test" time="22.549" errors="0" timestamp="2024-08-15T20:53:45 IST">
  <testcase classname="testCases.TC001_AccountRegistration" name="verify_Account_Registration" time="2.408">
    <failure type="java.lang.AssertionError" message="null">
      <![CDATA[java.lang.AssertionError: null
at testCases.TC001_AccountRegistration.verify_Account_Registration(TC001_AccountRegistration.java:55)
at java.base/java.util.ArrayList.forEach(ArrayList.java:1511)
... Removed 29 stack frames]]>
    </failure>
  </testcase> <!-- verify_Account_Registration -->
  <testcase classname="testCases.TC002_LoginTest" name="loginTest" time="1.636"/>
  <testcase classname="testCases.TC003_LoginDataDrivenTest" name="LoginDataDrivenTest" time="3.193"/>
  <testcase classname="testCases.TC003_LoginDataDrivenTest" name="LoginDataDrivenTest" time="0.469">
    <failure type="java.lang.AssertionError" message="null">
      <![CDATA[java.lang.AssertionError: null
at testCases.TC003_LoginDataDrivenTest.LoginDataDrivenTest(TC003_LoginDataDrivenTest.java:69)
at java.base/java.util.ArrayList.forEach(ArrayList.java:1511)
... Removed 29 stack frames]]>
    </failure>
  </testcase> <!-- LoginDataDrivenTest -->
  <testcase classname="testCases.TC003_LoginDataDrivenTest" name="LoginDataDrivenTest" time="0.007">
    <failure type="java.lang.AssertionError" message="null">
      <![CDATA[java.lang.AssertionError: null
at testCases.TC003_LoginDataDrivenTest.LoginDataDrivenTest(TC003_LoginDataDrivenTest.java:69)
at java.base/java.util.ArrayList.forEach(ArrayList.java:1511)
... Removed 29 stack frames]]>
    </failure>
  </testcase> <!-- LoginDataDrivenTest -->
  <testcase classname="testCases.TC003_LoginDataDrivenTest" name="LoginDataDrivenTest" time="0.015">
    <failure type="java.lang.AssertionError" message="null">
      <![CDATA[java.lang.AssertionError: null
at testCases.TC003_LoginDataDrivenTest.LoginDataDrivenTest(TC003_LoginDataDrivenTest.java:69)
at java.base/java.util.ArrayList.forEach(ArrayList.java:1511)
... Removed 29 stack frames]]>
    </failure>
  </testcase> <!-- LoginDataDrivenTest -->
  <testcase classname="testCases.TC003_LoginDataDrivenTest" name="LoginDataDrivenTest" time="0.014">
    <failure type="java.lang.AssertionError" message="null">
      <![CDATA[java.lang.AssertionError: null
at testCases.TC003_LoginDataDrivenTest.LoginDataDrivenTest(TC003_LoginDataDrivenTest.java:69)
at java.base/java.util.ArrayList.forEach(ArrayList.java:1511)
... Removed 29 stack frames]]>
    </failure>
  </testcase> <!-- LoginDataDrivenTest -->
  <testcase classname="testCases.TC003_LoginDataDrivenTest" name="LoginDataDrivenTest" time="0.011">
    <failure type="java.lang.AssertionError" message="null">
      <![CDATA[java.lang.AssertionError: null
at testCases.TC003_LoginDataDrivenTest.LoginDataDrivenTest(TC003_LoginDataDrivenTest.java:69)
at java.base/java.util.ArrayList.forEach(ArrayList.java:1511)
... Removed 29 stack frames]]>
    </failure>
  </testcase> <!-- LoginDataDrivenTest -->
</testsuite> <!-- Master Test -->
