<?xml version="1.0" encoding="UTF-8"?>
<!-- Generated by org.testng.reporters.JUnitXMLReporter -->
<testsuite ignored="0" hostname="LAPTOP-T8FKKRQ2" failures="2" tests="6" name="Test" time="48.18" errors="0" timestamp="2024-08-12T21:45:08 IST">
  <testcase classname="testCases.TC003_LoginDataDrivenTest" name="LoginDataDrivenTest" time="2.391"/>
  <testcase classname="testCases.TC003_LoginDataDrivenTest" name="LoginDataDrivenTest" time="11.078"/>
  <testcase classname="testCases.TC003_LoginDataDrivenTest" name="LoginDataDrivenTest" time="11.372">
    <failure type="java.lang.AssertionError" message="expected [true] but found [false]">
      <![CDATA[java.lang.AssertionError: expected [true] but found [false]
at testCases.TC003_LoginDataDrivenTest.LoginDataDrivenTest(TC003_LoginDataDrivenTest.java:50)
at java.base/java.util.ArrayList.forEach(ArrayList.java:1511)
... Removed 31 stack frames]]>
    </failure>
  </testcase> <!-- LoginDataDrivenTest -->
  <testcase classname="testCases.TC003_LoginDataDrivenTest" name="LoginDataDrivenTest" time="11.47"/>
  <testcase classname="testCases.TC003_LoginDataDrivenTest" name="LoginDataDrivenTest" time="2.492"/>
  <testcase classname="testCases.TC003_LoginDataDrivenTest" name="LoginDataDrivenTest" time="2.205">
    <failure type="java.lang.AssertionError" message="expected [true] but found [false]">
      <![CDATA[java.lang.AssertionError: expected [true] but found [false]
at testCases.TC003_LoginDataDrivenTest.LoginDataDrivenTest(TC003_LoginDataDrivenTest.java:62)
at java.base/java.util.ArrayList.forEach(ArrayList.java:1511)
... Removed 31 stack frames]]>
    </failure>
  </testcase> <!-- LoginDataDrivenTest -->
</testsuite> <!-- Test -->
