<?xml version="1.0" encoding="UTF-8"?>
<testng-results ignored="0" total="1" passed="1" failed="0" skipped="0">
  <reporter-output>
  </reporter-output>
  <suite started-at="2024-08-10T22:58:32 IST" name="Suite" finished-at="2024-08-10T22:58:38 IST" duration-ms="6378">
    <groups>
    </groups>
    <test started-at="2024-08-10T22:58:32 IST" name="Test" finished-at="2024-08-10T22:58:38 IST" duration-ms="6378">
      <class name="testCases.TC002_LoginTest">
        <test-method is-config="true" signature="setup(java.lang.String,java.lang.String)[pri:0, instance:testCases.TC002_LoginTest@18271936]" started-at="2024-08-10T22:58:32 IST" name="setup" finished-at="2024-08-10T22:58:36 IST" duration-ms="4508" status="PASS">
          <params>
            <param index="0">
              <value>
                <![CDATA[windows]]>
              </value>
            </param>
            <param index="1">
              <value>
                <![CDATA[chrome]]>
              </value>
            </param>
          </params>
          <reporter-output>
          </reporter-output>
        </test-method> <!-- setup -->
        <test-method signature="loginTest()[pri:0, instance:testCases.TC002_LoginTest@18271936]" started-at="2024-08-10T22:58:36 IST" name="loginTest" finished-at="2024-08-10T22:58:38 IST" duration-ms="1641" status="PASS">
          <reporter-output>
          </reporter-output>
        </test-method> <!-- loginTest -->
        <test-method is-config="true" signature="tearDown()[pri:0, instance:testCases.TC002_LoginTest@18271936]" started-at="2024-08-10T22:58:38 IST" name="tearDown" finished-at="2024-08-10T22:58:38 IST" duration-ms="192" status="PASS">
          <reporter-output>
          </reporter-output>
        </test-method> <!-- tearDown -->
      </class> <!-- testCases.TC002_LoginTest -->
    </test> <!-- Test -->
  </suite> <!-- Suite -->
</testng-results>
